<?xml version="1.0" encoding="UTF-8"?>
<!-- Generated by org.testng.reporters.JUnitReportReporter -->
<testsuite hostname="LAPTOP-N6849G24" failures="0" tests="1" name="seleniumModule3.Assignment1" time="1.441" errors="0" timestamp="21 Jul 2023 06:08:39 GMT">
  <testcase classname="seleniumModule3.Assignment1" name="enterusernamepassword" time="1.441"/>
</testsuite> <!-- seleniumModule3.Assignment1 -->
