<?xml version="1.0" encoding="UTF-8"?>
<!-- Generated by org.testng.reporters.JUnitReportReporter -->
<testsuite hostname="LAPTOP-N6849G24" failures="0" tests="1" name="seleniumModule3.Assignment2" time="17.230" errors="0" timestamp="15 Jul 2023 05:37:59 GMT">
  <testcase classname="seleniumModule3.Assignment2" name="loginTest" time="17.230"/>
</testsuite> <!-- seleniumModule3.Assignment2 -->
